[0.00001] [Notice] Creating database scheme
[1.04420] [Notice] Redirecting. Do not refresh the page!
[0.00001] [Notice] Importing data
[0.43569] [Notice] Redirecting. Do not refresh the page!
[0.00000] [Notice] Creating demo
[0.70641] [Notice] Redirecting. Do not refresh the page!
[0.00001] [Notice] Installing additional language en
[0.28796] [Notice] Installing additional language en
[0.58057] [Notice] Redirecting. Do not refresh the page!
[0.00000] [Warning] The specified database is not empty. Overwrite?Yes 
[0.00000] [Warning] The specified database is not empty. Overwrite?Yes 
[2.87174] [Notice] Creating database scheme
[4.39620] [Notice] Redirecting. Do not refresh the page!
[0.00001] [Notice] Importing data
[0.41006] [Notice] Redirecting. Do not refresh the page!
[0.00000] [Notice] Creating demo
[0.61916] [Notice] Redirecting. Do not refresh the page!
[0.00000] [Notice] Installing additional language en
[0.28390] [Notice] Installing additional language en
[0.54098] [Notice] Redirecting. Do not refresh the page!
[0.00002] [Notice] Creating database scheme
[0.94648] [Notice] Redirecting. Do not refresh the page!
[0.00000] [Notice] Importing data
[0.40184] [Notice] Redirecting. Do not refresh the page!
[0.00000] [Notice] Installing additional language en
[0.00001] [Notice] Creating database scheme
[0.98034] [Notice] Redirecting. Do not refresh the page!
[0.00002] [Notice] Importing data
[0.52531] [Notice] Redirecting. Do not refresh the page!
[0.00001] [Notice] Installing additional language en
[0.00000] [Warning] The specified database is not empty. Overwrite?Yes 
[0.00000] [Warning] The specified database is not empty. Overwrite?Yes 
[3.62412] [Notice] Creating database scheme
[5.05772] [Notice] Redirecting. Do not refresh the page!
[0.00001] [Notice] Importing data
[0.51346] [Notice] Redirecting. Do not refresh the page!
[0.00000] [Notice] Creating demo
[0.92825] [Notice] Redirecting. Do not refresh the page!
[0.00001] [Notice] Installing additional language en
[0.43479] [Notice] Installing additional language en
[0.86770] [Notice] Redirecting. Do not refresh the page!
